<?xml version="1.0" encoding="UTF-8"?>
<testsuite xmlns:xsi="http://www.w3.org/2001/XMLSchema-instance" xsi:noNamespaceSchemaLocation="https://maven.apache.org/surefire/maven-surefire-plugin/xsd/surefire-test-report-3.0.xsd" version="3.0" name="com.example.entities.EmployeeTest" time="1.182" tests="1" errors="0" skipped="0" failures="0">
  <properties>
    <property name="java.specification.version" value="23"/>
    <property name="sun.cpu.isalist" value="amd64"/>
    <property name="sun.jnu.encoding" value="Cp1252"/>
    <property name="java.class.path" value="C:\proyectos java\demo-20250403T172921Z-001\demo\target\test-classes;C:\proyectos java\demo-20250403T172921Z-001\demo\target\classes;C:\Users\migue\.m2\repository\org\hibernate\orm\hibernate-core\6.6.12.Final\hibernate-core-6.6.12.Final.jar;C:\Users\migue\.m2\repository\jakarta\persistence\jakarta.persistence-api\3.1.0\jakarta.persistence-api-3.1.0.jar;C:\Users\migue\.m2\repository\jakarta\transaction\jakarta.transaction-api\2.0.1\jakarta.transaction-api-2.0.1.jar;C:\Users\migue\.m2\repository\org\jboss\logging\jboss-logging\3.5.0.Final\jboss-logging-3.5.0.Final.jar;C:\Users\migue\.m2\repository\org\hibernate\common\hibernate-commons-annotations\7.0.3.Final\hibernate-commons-annotations-7.0.3.Final.jar;C:\Users\migue\.m2\repository\io\smallrye\jandex\3.2.0\jandex-3.2.0.jar;C:\Users\migue\.m2\repository\com\fasterxml\classmate\1.5.1\classmate-1.5.1.jar;C:\Users\migue\.m2\repository\net\bytebuddy\byte-buddy\1.15.11\byte-buddy-1.15.11.jar;C:\Users\migue\.m2\repository\jakarta\xml\bind\jakarta.xml.bind-api\4.0.0\jakarta.xml.bind-api-4.0.0.jar;C:\Users\migue\.m2\repository\jakarta\activation\jakarta.activation-api\2.1.0\jakarta.activation-api-2.1.0.jar;C:\Users\migue\.m2\repository\org\glassfish\jaxb\jaxb-runtime\4.0.2\jaxb-runtime-4.0.2.jar;C:\Users\migue\.m2\repository\org\glassfish\jaxb\jaxb-core\4.0.2\jaxb-core-4.0.2.jar;C:\Users\migue\.m2\repository\org\eclipse\angus\angus-activation\2.0.0\angus-activation-2.0.0.jar;C:\Users\migue\.m2\repository\org\glassfish\jaxb\txw2\4.0.2\txw2-4.0.2.jar;C:\Users\migue\.m2\repository\com\sun\istack\istack-commons-runtime\4.1.1\istack-commons-runtime-4.1.1.jar;C:\Users\migue\.m2\repository\jakarta\inject\jakarta.inject-api\2.0.1\jakarta.inject-api-2.0.1.jar;C:\Users\migue\.m2\repository\org\antlr\antlr4-runtime\4.13.0\antlr4-runtime-4.13.0.jar;C:\Users\migue\.m2\repository\mysql\mysql-connector-java\8.0.25\mysql-connector-java-8.0.25.jar;C:\Users\migue\.m2\repository\com\google\protobuf\protobuf-java\3.11.4\protobuf-java-3.11.4.jar;C:\Users\migue\.m2\repository\org\junit\jupiter\junit-jupiter\5.8.1\junit-jupiter-5.8.1.jar;C:\Users\migue\.m2\repository\org\junit\jupiter\junit-jupiter-api\5.8.1\junit-jupiter-api-5.8.1.jar;C:\Users\migue\.m2\repository\org\opentest4j\opentest4j\1.2.0\opentest4j-1.2.0.jar;C:\Users\migue\.m2\repository\org\junit\platform\junit-platform-commons\1.8.1\junit-platform-commons-1.8.1.jar;C:\Users\migue\.m2\repository\org\apiguardian\apiguardian-api\1.1.2\apiguardian-api-1.1.2.jar;C:\Users\migue\.m2\repository\org\junit\jupiter\junit-jupiter-params\5.8.1\junit-jupiter-params-5.8.1.jar;C:\Users\migue\.m2\repository\org\junit\jupiter\junit-jupiter-engine\5.8.1\junit-jupiter-engine-5.8.1.jar;C:\Users\migue\.m2\repository\org\junit\platform\junit-platform-engine\1.8.1\junit-platform-engine-1.8.1.jar;"/>
    <property name="java.vm.vendor" value="Oracle Corporation"/>
    <property name="sun.arch.data.model" value="64"/>
    <property name="user.variant" value=""/>
    <property name="java.vendor.url" value="https://java.oracle.com/"/>
    <property name="user.timezone" value="Europe/Madrid"/>
    <property name="os.name" value="Windows 11"/>
    <property name="java.vm.specification.version" value="23"/>
    <property name="user.country" value="ES"/>
    <property name="sun.java.launcher" value="SUN_STANDARD"/>
    <property name="sun.boot.library.path" value="C:\proyectos java\OpenJDK-23\bin"/>
    <property name="sun.java.command" value="C:\Users\migue\AppData\Local\Temp\surefire5956844110861116774\surefirebooter-20250406204955342_3.jar C:\Users\migue\AppData\Local\Temp\surefire5956844110861116774 2025-04-06T20-49-55_248-jvmRun1 surefire-20250406204955342_1tmp surefire_0-20250406204955342_2tmp"/>
    <property name="jdk.debug" value="release"/>
    <property name="test" value="com.example.entities.EmployeeTest#buscarPorId"/>
    <property name="surefire.test.class.path" value="C:\proyectos java\demo-20250403T172921Z-001\demo\target\test-classes;C:\proyectos java\demo-20250403T172921Z-001\demo\target\classes;C:\Users\migue\.m2\repository\org\hibernate\orm\hibernate-core\6.6.12.Final\hibernate-core-6.6.12.Final.jar;C:\Users\migue\.m2\repository\jakarta\persistence\jakarta.persistence-api\3.1.0\jakarta.persistence-api-3.1.0.jar;C:\Users\migue\.m2\repository\jakarta\transaction\jakarta.transaction-api\2.0.1\jakarta.transaction-api-2.0.1.jar;C:\Users\migue\.m2\repository\org\jboss\logging\jboss-logging\3.5.0.Final\jboss-logging-3.5.0.Final.jar;C:\Users\migue\.m2\repository\org\hibernate\common\hibernate-commons-annotations\7.0.3.Final\hibernate-commons-annotations-7.0.3.Final.jar;C:\Users\migue\.m2\repository\io\smallrye\jandex\3.2.0\jandex-3.2.0.jar;C:\Users\migue\.m2\repository\com\fasterxml\classmate\1.5.1\classmate-1.5.1.jar;C:\Users\migue\.m2\repository\net\bytebuddy\byte-buddy\1.15.11\byte-buddy-1.15.11.jar;C:\Users\migue\.m2\repository\jakarta\xml\bind\jakarta.xml.bind-api\4.0.0\jakarta.xml.bind-api-4.0.0.jar;C:\Users\migue\.m2\repository\jakarta\activation\jakarta.activation-api\2.1.0\jakarta.activation-api-2.1.0.jar;C:\Users\migue\.m2\repository\org\glassfish\jaxb\jaxb-runtime\4.0.2\jaxb-runtime-4.0.2.jar;C:\Users\migue\.m2\repository\org\glassfish\jaxb\jaxb-core\4.0.2\jaxb-core-4.0.2.jar;C:\Users\migue\.m2\repository\org\eclipse\angus\angus-activation\2.0.0\angus-activation-2.0.0.jar;C:\Users\migue\.m2\repository\org\glassfish\jaxb\txw2\4.0.2\txw2-4.0.2.jar;C:\Users\migue\.m2\repository\com\sun\istack\istack-commons-runtime\4.1.1\istack-commons-runtime-4.1.1.jar;C:\Users\migue\.m2\repository\jakarta\inject\jakarta.inject-api\2.0.1\jakarta.inject-api-2.0.1.jar;C:\Users\migue\.m2\repository\org\antlr\antlr4-runtime\4.13.0\antlr4-runtime-4.13.0.jar;C:\Users\migue\.m2\repository\mysql\mysql-connector-java\8.0.25\mysql-connector-java-8.0.25.jar;C:\Users\migue\.m2\repository\com\google\protobuf\protobuf-java\3.11.4\protobuf-java-3.11.4.jar;C:\Users\migue\.m2\repository\org\junit\jupiter\junit-jupiter\5.8.1\junit-jupiter-5.8.1.jar;C:\Users\migue\.m2\repository\org\junit\jupiter\junit-jupiter-api\5.8.1\junit-jupiter-api-5.8.1.jar;C:\Users\migue\.m2\repository\org\opentest4j\opentest4j\1.2.0\opentest4j-1.2.0.jar;C:\Users\migue\.m2\repository\org\junit\platform\junit-platform-commons\1.8.1\junit-platform-commons-1.8.1.jar;C:\Users\migue\.m2\repository\org\apiguardian\apiguardian-api\1.1.2\apiguardian-api-1.1.2.jar;C:\Users\migue\.m2\repository\org\junit\jupiter\junit-jupiter-params\5.8.1\junit-jupiter-params-5.8.1.jar;C:\Users\migue\.m2\repository\org\junit\jupiter\junit-jupiter-engine\5.8.1\junit-jupiter-engine-5.8.1.jar;C:\Users\migue\.m2\repository\org\junit\platform\junit-platform-engine\1.8.1\junit-platform-engine-1.8.1.jar;"/>
    <property name="sun.cpu.endian" value="little"/>
    <property name="user.home" value="C:\Users\migue"/>
    <property name="user.language" value="es"/>
    <property name="java.specification.vendor" value="Oracle Corporation"/>
    <property name="java.version.date" value="2024-09-17"/>
    <property name="java.home" value="C:\proyectos java\OpenJDK-23"/>
    <property name="file.separator" value="\"/>
    <property name="basedir" value="C:\proyectos java\demo-20250403T172921Z-001\demo"/>
    <property name="java.vm.compressedOopsMode" value="Zero based"/>
    <property name="line.separator" value="&#10;"/>
    <property name="java.vm.specification.vendor" value="Oracle Corporation"/>
    <property name="java.specification.name" value="Java Platform API Specification"/>
    <property name="surefire.real.class.path" value="C:\Users\migue\AppData\Local\Temp\surefire5956844110861116774\surefirebooter-20250406204955342_3.jar"/>
    <property name="user.script" value=""/>
    <property name="sun.management.compiler" value="HotSpot 64-Bit Tiered Compilers"/>
    <property name="java.runtime.version" value="23+37-2369"/>
    <property name="user.name" value="migue"/>
    <property name="stdout.encoding" value="Cp1252"/>
    <property name="path.separator" value=";"/>
    <property name="os.version" value="10.0"/>
    <property name="java.runtime.name" value="OpenJDK Runtime Environment"/>
    <property name="file.encoding" value="UTF-8"/>
    <property name="java.vm.name" value="OpenJDK 64-Bit Server VM"/>
    <property name="maven.ext.class.path" value="C:\Users\migue\.vscode\extensions\oracle.oracle-java-23.1.0\nbcode\java\maven-nblib\netbeans-eventspy.jar"/>
    <property name="localRepository" value="C:\Users\migue\.m2\repository"/>
    <property name="java.vendor.url.bug" value="https://bugreport.java.com/bugreport/"/>
    <property name="java.io.tmpdir" value="C:\Users\migue\AppData\Local\Temp\"/>
    <property name="java.version" value="23"/>
    <property name="user.dir" value="C:\proyectos java\demo-20250403T172921Z-001\demo"/>
    <property name="os.arch" value="amd64"/>
    <property name="java.vm.specification.name" value="Java Virtual Machine Specification"/>
    <property name="sun.os.patch.level" value=""/>
    <property name="native.encoding" value="Cp1252"/>
    <property name="java.library.path" value="C:\proyectos java\OpenJDK-23\bin;C:\Windows\Sun\Java\bin;C:\Windows\system32;C:\Windows;C:\Windows\system32;C:\Windows;C:\Windows\System32\Wbem;C:\Windows\System32\WindowsPowerShell\v1.0\;C:\Windows\System32\OpenSSH\;C:\Program Files\Git\cmd;C:\Program Files\ApacheMaven\bin;C:\Program Files\MySQL\MySQL Shell 8.0\bin\;C:\Users\migue\AppData\Local\Programs\Python\Python313\Scripts\;C:\Users\migue\AppData\Local\Programs\Python\Python313\;C:\Users\migue\AppData\Local\Programs\Eclipse Adoptium\jdk-21.0.4.7-hotspot\bin;C:\Users\migue\AppData\Local\Microsoft\WindowsApps;C:\Users\migue\AppData\Local\Programs\Microsoft VS Code\bin;C:\Program Files\JetBrains\IntelliJ IDEA 2024.3.5\bin;;."/>
    <property name="java.vm.info" value="mixed mode, sharing"/>
    <property name="stderr.encoding" value="Cp1252"/>
    <property name="java.vendor" value="Oracle Corporation"/>
    <property name="java.vm.version" value="23+37-2369"/>
    <property name="sun.io.unicode.encoding" value="UnicodeLittle"/>
    <property name="java.class.version" value="67.0"/>
  </properties>
  <testcase name="buscarPorId" classname="com.example.entities.EmployeeTest" time="1.174">
    <system-out><![CDATA[Hibernate: 
    select
        e1_0.id,
        e1_0.age,
        e1_0.birth_date,
        e1_0.email,
        e1_0.first_name,
        e1_0.last_name,
        e1_0.married,
        e1_0.register_date,
        e1_0.salary 
    from
        ob_employees e1_0 
    where
        e1_0.id=?
Employee{id=11, firstName='Empleado10 editado', lastName='Garcia', email='empledo@gmail.com', age=32, salary=40000.0, married=true, birthDate=1990-01-01, registerDate=2025-04-06T20:48:49.582483}
]]></system-out>
    <system-err><![CDATA[abr 06, 2025 8:49:55 P. M. org.hibernate.Version logVersion
INFO: HHH000412: Hibernate ORM core version 6.6.12.Final
abr 06, 2025 8:49:55 P. M. org.hibernate.cache.internal.RegionFactoryInitiator initiateService
INFO: HHH000026: Second-level cache disabled
abr 06, 2025 8:49:56 P. M. org.hibernate.engine.jdbc.connections.internal.DriverManagerConnectionProviderImpl configure
WARN: HHH10001002: Using built-in connection pool (not intended for production use)
abr 06, 2025 8:49:56 P. M. org.hibernate.engine.jdbc.dialect.internal.DialectFactoryImpl constructDialect
WARN: HHH90000025: MySQL8Dialect does not need to be specified explicitly using 'hibernate.dialect' (remove the property setting and it will be selected by default)
abr 06, 2025 8:49:56 P. M. org.hibernate.engine.jdbc.dialect.internal.DialectFactoryImpl logSelectedDialect
WARN: HHH90000026: MySQL8Dialect has been deprecated; use org.hibernate.dialect.MySQLDialect instead
abr 06, 2025 8:49:56 P. M. org.hibernate.engine.jdbc.env.internal.JdbcEnvironmentInitiator initiateService
INFO: HHH10001005: Database info:
	Database JDBC URL [jdbc:mysql://localhost:3306/prueba_hibernate?createDatabaseIfNotExist=true]
	Database driver: com.mysql.cj.jdbc.Driver
	Database version: 8.0
	Autocommit mode: false
	Isolation level: undefined/unknown
	Minimum pool size: 1
	Maximum pool size: 20
abr 06, 2025 8:49:56 P. M. org.hibernate.resource.transaction.backend.jdbc.internal.DdlTransactionIsolatorNonJtaImpl getIsolatedConnection
INFO: HHH10001501: Connection obtained from JdbcConnectionAccess [org.hibernate.engine.jdbc.env.internal.JdbcEnvironmentInitiator$ConnectionProviderJdbcConnectionAccess@1d2d8846] for (non-JTA) DDL execution was not in auto-commit mode; the Connection 'local transaction' will be committed and the Connection will be set into auto-commit mode.
]]></system-err>
  </testcase>
</testsuite>